<?xml version="1.0" encoding="UTF-8"?>
<!-- Generated by org.testng.reporters.JUnitXMLReporter -->
<testsuite hostname="DESKTOP-83KADBQ" name="Default test" tests="3" failures="0" timestamp="3 Apr 2021 09:21:25 GMT" time="117.013" errors="0">
  <testcase name="login_Customer_Mobile_New" time="11.628" classname="test_Bill_settlement.Promotion_121_N_items_5_Exist_cust$Customer_Mobile_new_Test"/>
  <testcase name="Bill_Settlement_exist_Mobile_cust_promotion121_scan_estimate" time="62.009" classname="test_Bill_settlement.Promotion_121_N_items_5_Exist_cust$Customer_Mobile_new_Test"/>
  <testcase name="Bill_Settlement_exist_Mobile_cust_promotion121_card_payment" time="37.539" classname="test_Bill_settlement.Promotion_121_N_items_5_Exist_cust$Customer_Mobile_new_Test"/>
</testsuite> <!-- Default test -->
