<?xml version="1.0" encoding="UTF-8"?>
<!-- Generated by org.testng.reporters.JUnitXMLReporter -->
<testsuite hostname="DESKTOP-83KADBQ" name="Test1" tests="5" failures="0" timestamp="22 May 2021 03:47:48 GMT" time="105.878" errors="0">
  <testcase name="Customer_Mobile_existing_login_Promotion_140_2_items_50percent_discount" time="13.924" classname="test.Promotion_140_2_items_50percent_discount_existmobilecust$Customer_Mobile_new_existingTest_Promotion_140_2_items_50percent_discount"/>
  <testcase name="barcode1_promotion140" time="23.138" classname="test.Promotion_140_2_items_50percent_discount_existmobilecust$Customer_Mobile_new_existingTest_Promotion_140_2_items_50percent_discount"/>
  <testcase name="barcode2_promotion140" time="4.809" classname="test.Promotion_140_2_items_50percent_discount_existmobilecust$Customer_Mobile_new_existingTest_Promotion_140_2_items_50percent_discount"/>
  <testcase name="Promotion140_Discount" time="19.077" classname="test.Promotion_140_2_items_50percent_discount_existmobilecust$Customer_Mobile_new_existingTest_Promotion_140_2_items_50percent_discount"/>
  <testcase name="Promotion140" time="37.893" classname="test.Promotion_140_2_items_50percent_discount_existmobilecust$Customer_Mobile_new_existingTest_Promotion_140_2_items_50percent_discount"/>
</testsuite> <!-- Test1 -->
