<?xml version="1.0" encoding="UTF-8"?>
<testng-results skipped="0" failed="0" total="6" passed="6">
  <reporter-output>
  </reporter-output>
  <suite name="Default suite" duration-ms="106118" started-at="2021-02-11T07:09:06Z" finished-at="2021-02-11T07:10:52Z">
    <groups>
    </groups>
    <test name="Default test" duration-ms="106118" started-at="2021-02-11T07:09:06Z" finished-at="2021-02-11T07:10:52Z">
      <class name="test.Promotion_121_N_items_5_discount_existmobilecust$Customer_Mobile_new_existingTest_Promotion_121_N_items_5_discount">
        <test-method status="PASS" signature="setUp()[pri:0, instance:test.Promotion_121_N_items_5_discount_existmobilecust$Customer_Mobile_new_existingTest_Promotion_121_N_items_5_discount@652132d1]" name="setUp" is-config="true" duration-ms="6439" started-at="2021-02-11T12:39:06Z" finished-at="2021-02-11T12:39:13Z">
          <reporter-output>
          </reporter-output>
        </test-method> <!-- setUp -->
        <test-method status="PASS" signature="Customer_Mobile_existing_login_Promotion_121_N_items_5_discount()[pri:1, instance:test.Promotion_121_N_items_5_discount_existmobilecust$Customer_Mobile_new_existingTest_Promotion_121_N_items_5_discount@652132d1]" name="Customer_Mobile_existing_login_Promotion_121_N_items_5_discount" duration-ms="18619" started-at="2021-02-11T12:39:13Z" description="verifying MUziris ERP login test for Promtion121" finished-at="2021-02-11T12:39:31Z">
          <reporter-output>
          </reporter-output>
        </test-method> <!-- Customer_Mobile_existing_login_Promotion_121_N_items_5_discount -->
        <test-method status="PASS" signature="barcode1_promotion121()[pri:2, instance:test.Promotion_121_N_items_5_discount_existmobilecust$Customer_Mobile_new_existingTest_Promotion_121_N_items_5_discount@652132d1]" name="barcode1_promotion121" duration-ms="25034" started-at="2021-02-11T12:39:32Z" description="Verifying scanning of first barcode test for Promtion121" finished-at="2021-02-11T12:39:57Z">
          <reporter-output>
          </reporter-output>
        </test-method> <!-- barcode1_promotion121 -->
        <test-method status="PASS" signature="barcode2_promotion121()[pri:3, instance:test.Promotion_121_N_items_5_discount_existmobilecust$Customer_Mobile_new_existingTest_Promotion_121_N_items_5_discount@652132d1]" name="barcode2_promotion121" duration-ms="16408" started-at="2021-02-11T12:39:57Z" description="Verifying sacnning of Second barcode test for Promtion121" finished-at="2021-02-11T12:40:13Z">
          <reporter-output>
          </reporter-output>
        </test-method> <!-- barcode2_promotion121 -->
        <test-method status="PASS" signature="barcode3_promotion121()[pri:4, instance:test.Promotion_121_N_items_5_discount_existmobilecust$Customer_Mobile_new_existingTest_Promotion_121_N_items_5_discount@652132d1]" name="barcode3_promotion121" duration-ms="7658" started-at="2021-02-11T12:40:13Z" description="Verifying sacnning of third barcode test for Promtion121" finished-at="2021-02-11T12:40:21Z">
          <reporter-output>
          </reporter-output>
        </test-method> <!-- barcode3_promotion121 -->
        <test-method status="PASS" signature="promotion121_Discount()[pri:5, instance:test.Promotion_121_N_items_5_discount_existmobilecust$Customer_Mobile_new_existingTest_Promotion_121_N_items_5_discount@652132d1]" name="promotion121_Discount" duration-ms="19396" started-at="2021-02-11T12:40:21Z" description="Verifying all barcodes Discount for Promtion121" finished-at="2021-02-11T12:40:40Z">
          <reporter-output>
          </reporter-output>
        </test-method> <!-- promotion121_Discount -->
        <test-method status="PASS" signature="promotion121()[pri:6, instance:test.Promotion_121_N_items_5_discount_existmobilecust$Customer_Mobile_new_existingTest_Promotion_121_N_items_5_discount@652132d1]" name="promotion121" duration-ms="12305" started-at="2021-02-11T12:40:40Z" description="Verifying whether promotion121 can be applied for the selected barcodes" finished-at="2021-02-11T12:40:52Z">
          <reporter-output>
          </reporter-output>
        </test-method> <!-- promotion121 -->
        <test-method status="PASS" signature="tearDown()[pri:0, instance:test.Promotion_121_N_items_5_discount_existmobilecust$Customer_Mobile_new_existingTest_Promotion_121_N_items_5_discount@652132d1]" name="tearDown" is-config="true" duration-ms="1" started-at="2021-02-11T12:40:52Z" finished-at="2021-02-11T12:40:52Z">
          <reporter-output>
          </reporter-output>
        </test-method> <!-- tearDown -->
      </class> <!-- test.Promotion_121_N_items_5_discount_existmobilecust$Customer_Mobile_new_existingTest_Promotion_121_N_items_5_discount -->
    </test> <!-- Default test -->
  </suite> <!-- Default suite -->
</testng-results>
