<?xml version="1.0" encoding="UTF-8"?>
<!-- Generated by org.testng.reporters.JUnitXMLReporter -->
<testsuite hostname="DESKTOP-83KADBQ" name="Test3" tests="9" failures="0" timestamp="15 Feb 2021 07:07:02 GMT" time="1.267" errors="0">
  <testcase name="myTest" time="0.068" classname="test.Samplereadtestbarcodescan"/>
  <testcase name="myTest" time="0.01" classname="test.Samplereadtestbarcodescan"/>
  <testcase name="myTest" time="0.003" classname="test.Samplereadtestbarcodescan"/>
  <testcase name="myTest" time="0.006" classname="test.Samplereadtestbarcodescan"/>
  <testcase name="myTest" time="0.005" classname="test.Samplereadtestbarcodescan"/>
  <testcase name="myTest" time="0.005" classname="test.Samplereadtestbarcodescan"/>
  <testcase name="myTest" time="0.004" classname="test.Samplereadtestbarcodescan"/>
  <testcase name="myTest" time="0.006" classname="test.Samplereadtestbarcodescan"/>
  <testcase name="myTest" time="0.007" classname="test.Samplereadtestbarcodescan"/>
</testsuite> <!-- Test3 -->
